==========================================
Job ID     : 384275
Node       : daft
Model      : efficientnet-b1
Batch size : 32
LR (head)  : 1e-4
LR (bb)    : 1e-5
Epochs     : 30
==========================================
Run dir: /home/zong/cv-dataset/output/net_b1_bs32_lr1e-04_lrbb1e-05_epochs30
Device: cuda
WARNING: 3 entries in CSV have no matching file and will be skipped.

Dataset: 3,590 images  |  class-0: 1,319  class-1: 2,271
Split sizes  — train: 2,512  val: 538  test: 540
  train: class-0=923  class-1=1589
  val: class-0=198  class-1=340
  test: class-0=198  class-1=342

Model: EfficientNet-B1  |  img_size: 240  |  params: 6,515,746
Class weights: [1.3608794212341309, 0.7904006838798523]

Training for up to 30 epochs (early-stop patience=7) …

AMP enabled (mixed precision)
Epoch   1/30 | train loss 0.5746  f1 0.6269 | val loss 0.5026  f1 0.7775 | [BEST] 58s
Epoch   2/30 | train loss 0.3818  f1 0.8410 | val loss 0.3749  f1 0.8812 | [BEST] 49s
Epoch   3/30 | train loss 0.2902  f1 0.8958 | val loss 0.2891  f1 0.8974 | [BEST] 48s
Epoch   4/30 | train loss 0.2415  f1 0.9146 | val loss 0.2307  f1 0.9226 | [BEST] 54s
Epoch   5/30 | train loss 0.1952  f1 0.9259 | val loss 0.2176  f1 0.9137 |        52s
Epoch   6/30 | train loss 0.1799  f1 0.9283 | val loss 0.1834  f1 0.9318 | [BEST] 47s
Epoch   7/30 | train loss 0.1632  f1 0.9371 | val loss 0.1649  f1 0.9426 | [BEST] 53s
Epoch   8/30 | train loss 0.1576  f1 0.9391 | val loss 0.1479  f1 0.9444 | [BEST] 47s
Epoch   9/30 | train loss 0.1433  f1 0.9415 | val loss 0.1435  f1 0.9500 | [BEST] 50s
Epoch  10/30 | train loss 0.1303  f1 0.9522 | val loss 0.1372  f1 0.9481 |        57s
Epoch  11/30 | train loss 0.1374  f1 0.9407 | val loss 0.1284  f1 0.9538 | [BEST] 56s
Epoch  12/30 | train loss 0.1199  f1 0.9510 | val loss 0.1289  f1 0.9500 |        47s
Epoch  13/30 | train loss 0.1085  f1 0.9606 | val loss 0.1279  f1 0.9465 |        47s
Epoch  14/30 | train loss 0.1049  f1 0.9578 | val loss 0.1228  f1 0.9501 |        52s
Epoch  15/30 | train loss 0.1048  f1 0.9582 | val loss 0.1187  f1 0.9500 |        47s
Epoch  16/30 | train loss 0.1050  f1 0.9586 | val loss 0.1146  f1 0.9482 |        45s
Epoch  17/30 | train loss 0.0887  f1 0.9666 | val loss 0.1176  f1 0.9539 | [BEST] 50s
Epoch  18/30 | train loss 0.0901  f1 0.9630 | val loss 0.1108  f1 0.9518 |        50s
Epoch  19/30 | train loss 0.0923  f1 0.9650 | val loss 0.1128  f1 0.9500 |        48s
Epoch  20/30 | train loss 0.1002  f1 0.9638 | val loss 0.1100  f1 0.9574 | [BEST] 54s
Epoch  21/30 | train loss 0.0972  f1 0.9618 | val loss 0.1090  f1 0.9555 |        47s
Epoch  22/30 | train loss 0.0932  f1 0.9646 | val loss 0.1078  f1 0.9573 |        47s
Epoch  23/30 | train loss 0.0996  f1 0.9610 | val loss 0.1117  f1 0.9501 |        49s
Epoch  24/30 | train loss 0.0875  f1 0.9646 | val loss 0.1071  f1 0.9609 | [BEST] 48s
Epoch  25/30 | train loss 0.1111  f1 0.9558 | val loss 0.1058  f1 0.9556 |        53s
Epoch  26/30 | train loss 0.0889  f1 0.9670 | val loss 0.1111  f1 0.9501 |        50s
Epoch  27/30 | train loss 0.0885  f1 0.9650 | val loss 0.1067  f1 0.9555 |        50s
Epoch  28/30 | train loss 0.0859  f1 0.9650 | val loss 0.1082  f1 0.9518 |        47s
Epoch  29/30 | train loss 0.0935  f1 0.9618 | val loss 0.1067  f1 0.9555 |        47s
Epoch  30/30 | train loss 0.0921  f1 0.9646 | val loss 0.1107  f1 0.9556 |        47s

Best val F1: 0.9609  →  /home/zong/cv-dataset/output/net_b1_bs32_lr1e-04_lrbb1e-05_epochs30/best_model.pt
  Saved: /home/zong/cv-dataset/output/net_b1_bs32_lr1e-04_lrbb1e-05_epochs30/training_history.png
Split sizes  — train: 2,512  val: 538  test: 540
  train: class-0=923  class-1=1589
  val: class-0=198  class-1=340
  test: class-0=198  class-1=342

============================================================
  VALIDATION SET RESULTS
============================================================
  Accuracy       : 0.9610
  F1 (weighted)  : 0.9609
  F1 (macro)     : 0.9580
  Precision (1)  : 0.9677
  Recall (1)     : 0.9706
  ROC-AUC        : 0.9935

              precision    recall  f1-score   support

    no crack       0.95      0.94      0.95       198
       crack       0.97      0.97      0.97       340

    accuracy                           0.96       538
   macro avg       0.96      0.96      0.96       538
weighted avg       0.96      0.96      0.96       538

  Saved: /home/zong/cv-dataset/output/net_b1_bs32_lr1e-04_lrbb1e-05_epochs30/confusion_matrix_validation.png

============================================================
  TEST SET RESULTS
============================================================
  Accuracy       : 0.9667
  F1 (weighted)  : 0.9668
  F1 (macro)     : 0.9643
  Precision (1)  : 0.9821
  Recall (1)     : 0.9649
  ROC-AUC        : 0.9970

              precision    recall  f1-score   support

    no crack       0.94      0.97      0.96       198
       crack       0.98      0.96      0.97       342

    accuracy                           0.97       540
   macro avg       0.96      0.97      0.96       540
weighted avg       0.97      0.97      0.97       540

  Saved: /home/zong/cv-dataset/output/net_b1_bs32_lr1e-04_lrbb1e-05_epochs30/confusion_matrix_test.png

Metrics saved to /home/zong/cv-dataset/output/net_b1_bs32_lr1e-04_lrbb1e-05_epochs30/metrics_summary.csv

Done.
